<?xml version="1.0" encoding="UTF-8"?>
<!-- Generated by org.testng.reporters.JUnitXMLReporter -->
<testsuite hostname="DESKTOP-32SHS3O" name="SmokeTest" tests="2" failures="1" timestamp="4 Sep 2024 08:31:36 GMT" time="21.294" errors="0">
  <testcase name="verifyTitlePage" time="0.028" classname="TestNG.Test1"/>
  <testcase name="verifyTitlePage" time="0.025" classname="TestNG.Test2">
    <failure type="java.lang.AssertionError" message="expected [rangeHRM - New Level of HR Management] but found [OrangeHRM - New Level of HR Management]">
      <![CDATA[java.lang.AssertionError: expected [rangeHRM - New Level of HR Management] but found [OrangeHRM - New Level of HR Management]
	at TestNG.Test2.verifyTitlePage(Test2.java:16)
... Removed 31 stack frames]]>
    </failure>
  </testcase> <!-- verifyTitlePage -->
</testsuite> <!-- SmokeTest -->
