<?xml version="1.0" encoding="UTF-8"?>
<testng-results skipped="0" failed="0" total="3" passed="3">
  <reporter-output>
  </reporter-output>
  <suite name="ParallelTesting" duration-ms="14118" started-at="2024-10-13T11:07:32Z" finished-at="2024-10-13T11:07:46Z">
    <groups>
    </groups>
    <test name="ParallelTest_chrome" duration-ms="6607" started-at="2024-10-13T11:07:32Z" finished-at="2024-10-13T11:07:38Z">
      <class name="Parallel_Testing.ParallelTest">
        <test-method status="PASS" signature="launchBrowser(java.lang.String)[pri:0, instance:Parallel_Testing.ParallelTest@5c30a9b0]" name="launchBrowser" is-config="true" duration-ms="5308" started-at="2024-10-13T16:37:32Z" finished-at="2024-10-13T16:37:37Z">
          <params>
            <param index="0">
              <value>
                <![CDATA[CRM]]>
              </value>
            </param>
          </params>
          <reporter-output>
          </reporter-output>
        </test-method> <!-- launchBrowser -->
        <test-method status="PASS" signature="loginPage()[pri:0, instance:Parallel_Testing.ParallelTest@5c30a9b0]" name="loginPage" duration-ms="1239" started-at="2024-10-13T16:37:37Z" finished-at="2024-10-13T16:37:38Z">
          <reporter-output>
          </reporter-output>
        </test-method> <!-- loginPage -->
        <test-method status="PASS" signature="closeBrowser()[pri:0, instance:Parallel_Testing.ParallelTest@5c30a9b0]" name="closeBrowser" is-config="true" duration-ms="1" started-at="2024-10-13T16:37:38Z" finished-at="2024-10-13T16:37:38Z">
          <reporter-output>
          </reporter-output>
        </test-method> <!-- closeBrowser -->
      </class> <!-- Parallel_Testing.ParallelTest -->
    </test> <!-- ParallelTest_chrome -->
    <test name="ParallelTest_Edge" duration-ms="7598" started-at="2024-10-13T11:07:32Z" finished-at="2024-10-13T11:07:39Z">
      <class name="Parallel_Testing.ParallelTest">
        <test-method status="PASS" signature="launchBrowser(java.lang.String)[pri:0, instance:Parallel_Testing.ParallelTest@50a638b5]" name="launchBrowser" is-config="true" duration-ms="5330" started-at="2024-10-13T16:37:32Z" finished-at="2024-10-13T16:37:37Z">
          <params>
            <param index="0">
              <value>
                <![CDATA[Edge]]>
              </value>
            </param>
          </params>
          <reporter-output>
          </reporter-output>
        </test-method> <!-- launchBrowser -->
        <test-method status="PASS" signature="loginPage()[pri:0, instance:Parallel_Testing.ParallelTest@50a638b5]" name="loginPage" duration-ms="2229" started-at="2024-10-13T16:37:37Z" finished-at="2024-10-13T16:37:39Z">
          <reporter-output>
          </reporter-output>
        </test-method> <!-- loginPage -->
        <test-method status="PASS" signature="closeBrowser()[pri:0, instance:Parallel_Testing.ParallelTest@50a638b5]" name="closeBrowser" is-config="true" duration-ms="0" started-at="2024-10-13T16:37:39Z" finished-at="2024-10-13T16:37:39Z">
          <reporter-output>
          </reporter-output>
        </test-method> <!-- closeBrowser -->
      </class> <!-- Parallel_Testing.ParallelTest -->
    </test> <!-- ParallelTest_Edge -->
    <test name="ParallelTest" duration-ms="14118" started-at="2024-10-13T11:07:32Z" finished-at="2024-10-13T11:07:46Z">
      <class name="Parallel_Testing.ParallelTest">
        <test-method status="PASS" signature="launchBrowser(java.lang.String)[pri:0, instance:Parallel_Testing.ParallelTest@63021689]" name="launchBrowser" is-config="true" duration-ms="12854" started-at="2024-10-13T16:37:32Z" finished-at="2024-10-13T16:37:44Z">
          <params>
            <param index="0">
              <value>
                <![CDATA[FFX]]>
              </value>
            </param>
          </params>
          <reporter-output>
          </reporter-output>
        </test-method> <!-- launchBrowser -->
        <test-method status="PASS" signature="loginPage()[pri:0, instance:Parallel_Testing.ParallelTest@63021689]" name="loginPage" duration-ms="1246" started-at="2024-10-13T16:37:44Z" finished-at="2024-10-13T16:37:46Z">
          <reporter-output>
          </reporter-output>
        </test-method> <!-- loginPage -->
        <test-method status="PASS" signature="closeBrowser()[pri:0, instance:Parallel_Testing.ParallelTest@63021689]" name="closeBrowser" is-config="true" duration-ms="0" started-at="2024-10-13T16:37:46Z" finished-at="2024-10-13T16:37:46Z">
          <reporter-output>
          </reporter-output>
        </test-method> <!-- closeBrowser -->
      </class> <!-- Parallel_Testing.ParallelTest -->
    </test> <!-- ParallelTest -->
  </suite> <!-- ParallelTesting -->
</testng-results>
